<?xml version="1.0" encoding="UTF-8"?>
<!-- Generated by org.testng.reporters.JUnitXMLReporter -->
<testsuite hostname="HIBACL131408" ignored="0" name="Test"
	tests="4" failures="0" timestamp="24 Nov 2020 14:37:51 GMT" time="33.183"
	errors="0">
	<testcase name="SmokeTestExecution" time="0.013"
		classname="pk_Orange_HRM.SmokeTest" />
	<testcase name="DragDrop" time="20.927" classname="pk_Orange_HRM.Drag_and_Drop" />
	<testcase name="EnterCustomerID" time="1.269"
		classname="pk_Orange_HRM.HDFC_Netbanking" />
	<testcase name="MouseHoverYatra" time="22.883"
		classname="pk_Orange_HRM.Mouse_Hover_Yatra_Com" />
</testsuite> <!-- Test -->
